build/app/outputs/mapping/release/mapping.txt
# compiler: R8
# compiler_version: 1.5.64
# min_api: 16
# pg_map_id: 7f7e22f
com.example.flutterappnews.MainActivity -> com.example.flutterappnews.MainActivity:
    void configureFlutterEngine(io.flutter.embedding.engine.FlutterEngine) -> b
...
com.google.gson.internal.bind.MapTypeAdapterFactory$Adapter -> c.a.c.w.n.g$a:
    com.google.gson.internal.bind.MapTypeAdapterFactory this$0 -> d
    com.google.gson.internal.ObjectConstructor constructor -> c
    com.google.gson.TypeAdapter valueTypeAdapter -> b
    com.google.gson.TypeAdapter keyTypeAdapter -> a
    java.lang.String keyToString(com.google.gson.JsonElement) -> a
    java.lang.Object read(com.google.gson.stream.JsonReader) -> a
    java.util.Map read(com.google.gson.stream.JsonReader) -> a
    void write(com.google.gson.stream.JsonWriter,java.lang.Object) -> a
    void write(com.google.gson.stream.JsonWriter,java.util.Map) -> a
com.google.gson.internal.bind.ObjectTypeAdapter -> c.a.c.w.n.h:
    com.google.gson.TypeAdapterFactory FACTORY -> b
    com.google.gson.Gson gson -> a
    java.lang.Object read(com.google.gson.stream.JsonReader) -> a
    void write(com.google.gson.stream.JsonWriter,java.lang.Object) -> a
com.google.gson.internal.bind.ObjectTypeAdapter$1 -> c.a.c.w.n.h$a:
    com.google.gson.TypeAdapter create(com.google.gson.Gson,com.google.gson.reflect.TypeToken) -> a
com.google.gson.internal.bind.ObjectTypeAdapter$2 -> c.a.c.w.n.h$b:
    int[] $SwitchMap$com$google$gson$stream$JsonToken -> a
com.google.gson.internal.bind.ReflectiveTypeAdapterFactory -> c.a.c.w.n.i:
    com.google.gson.internal.Excluder excluder -> d
    com.google.gson.internal.ConstructorConstructor constructorConstructor -> b
    com.google.gson.internal.reflect.ReflectionAccessor accessor -> f
    com.google.gson.FieldNamingStrategy fieldNamingPolicy -> c
    com.google.gson.internal.bind.JsonAdapterAnnotationTypeAdapterFactory jsonAdapterFactory -> e
    com.google.gson.TypeAdapter create(com.google.gson.Gson,com.google.gson.reflect.TypeToken) -> a
    com.google.gson.internal.bind.ReflectiveTypeAdapterFactory$BoundField createBoundField(com.google.gson.Gson,java.lang.reflect.Field,java.lang.String,com.google.gson.reflect.TypeToken,boolean,boolean) -> a
    boolean excludeField(java.lang.reflect.Field,boolean) -> a
    boolean excludeField(java.lang.reflect.Field,boolean,com.google.gson.internal.Excluder) -> a
    java.util.Map getBoundFields(com.google.gson.Gson,com.google.gson.reflect.TypeToken,java.lang.Class) -> a
    java.util.List getFieldNames(java.lang.reflect.Field) -> a
com.google.gson.internal.bind.ReflectiveTypeAdapterFactory$1 -> c.a.c.w.n.i$a:
    com.google.gson.TypeAdapter val$typeAdapter -> f
    boolean val$isPrimitive -> i
    java.lang.reflect.Field val$field -> d
    boolean val$jsonAdapterPresent -> e
    com.google.gson.reflect.TypeToken val$fieldType -> h
    com.google.gson.Gson val$context -> g
    void read(com.google.gson.stream.JsonReader,java.lang.Object) -> a
    void write(com.google.gson.stream.JsonWriter,java.lang.Object) -> a
    boolean writeField(java.lang.Object) -> a
com.google.gson.internal.bind.ReflectiveTypeAdapterFactory$Adapter -> c.a.c.w.n.i$b:
    java.util.Map boundFields -> b
    com.google.gson.internal.ObjectConstructor constructor -> a
    java.lang.Object read(com.google.gson.stream.JsonReader) -> a
    void write(com.google.gson.stream.JsonWriter,java.lang.Object) -> a
com.google.gson.internal.bind.ReflectiveTypeAdapterFactory$BoundField -> c.a.c.w.n.i$c:
    java.lang.String name -> a
    boolean serialized -> b
    boolean deserialized -> c
    void read(com.google.gson.stream.JsonReader,java.lang.Object) -> a
    void write(com.google.gson.stream.JsonWriter,java.lang.Object) -> a
    boolean writeField(java.lang.Object) -> a
com.google.gson.internal.bind.SqlDateTypeAdapter -> c.a.c.w.n.j:
    com.google.gson.TypeAdapterFactory FACTORY -> b
    java.text.DateFormat format -> a
    java.lang.Object read(com.google.gson.stream.JsonReader) -> a
    java.sql.Date read(com.google.gson.stream.JsonReader) -> a
    void write(com.google.gson.stream.JsonWriter,java.lang.Object) -> a
    void write(com.google.gson.stream.JsonWriter,java.sql.Date) -> a